This is pdfTeX, Version 3.14159265-2.6-1.40.19 (TeX Live 2018) (preloaded format=pdflatex 2019.3.13)  3 DEC 2019 21:17
entering extended mode
 restricted \write18 enabled.
 file:line:error style messages enabled.
 %&-line parsing enabled.
**FP_porocilo.tex
(./FP_porocilo.tex
LaTeX2e <2018-04-01> patch level 2
Babel <3.18> and hyphenation patterns for 84 language(s) loaded.
(/usr/local/texlive/2018/texmf-dist/tex/latex/amscls/amsart.cls
Document Class: amsart 2017/10/31 v2.20.4
\linespacing=\dimen102
\normalparindent=\dimen103
\normaltopskip=\skip41
(/usr/local/texlive/2018/texmf-dist/tex/latex/amsmath/amsmath.sty
Package: amsmath 2017/09/02 v2.17a AMS math features
\@mathmargin=\skip42

For additional information on amsmath, use the `?' option.
(/usr/local/texlive/2018/texmf-dist/tex/latex/amsmath/amstext.sty
Package: amstext 2000/06/29 v2.01 AMS text

(/usr/local/texlive/2018/texmf-dist/tex/latex/amsmath/amsgen.sty
File: amsgen.sty 1999/11/30 v2.0 generic functions
\@emptytoks=\toks14
\ex@=\dimen104
))
(/usr/local/texlive/2018/texmf-dist/tex/latex/amsmath/amsbsy.sty
Package: amsbsy 1999/11/29 v1.2d Bold Symbols
\pmbraise@=\dimen105
)
(/usr/local/texlive/2018/texmf-dist/tex/latex/amsmath/amsopn.sty
Package: amsopn 2016/03/08 v2.02 operator names
)
\inf@bad=\count80
LaTeX Info: Redefining \frac on input line 213.
\uproot@=\count81
\leftroot@=\count82
LaTeX Info: Redefining \overline on input line 375.
\classnum@=\count83
\DOTSCASE@=\count84
LaTeX Info: Redefining \ldots on input line 472.
LaTeX Info: Redefining \dots on input line 475.
LaTeX Info: Redefining \cdots on input line 596.
\Mathstrutbox@=\box26
\strutbox@=\box27
\big@size=\dimen106
LaTeX Font Info:    Redeclaring font encoding OML on input line 712.
LaTeX Font Info:    Redeclaring font encoding OMS on input line 713.
\macc@depth=\count85
\c@MaxMatrixCols=\count86
\dotsspace@=\muskip10
\c@parentequation=\count87
\dspbrk@lvl=\count88
\tag@help=\toks15
\row@=\count89
\column@=\count90
\maxfields@=\count91
\andhelp@=\toks16
\eqnshift@=\dimen107
\alignsep@=\dimen108
\tagshift@=\dimen109
\tagwidth@=\dimen110
\totwidth@=\dimen111
\lineht@=\dimen112
\@envbody=\toks17
\multlinegap=\skip43
\multlinetaggap=\skip44
\mathdisplay@stack=\toks18
LaTeX Info: Redefining \[ on input line 2817.
LaTeX Info: Redefining \] on input line 2818.
)
LaTeX Font Info:    Try loading font information for U+msa on input line 398.

(/usr/local/texlive/2018/texmf-dist/tex/latex/amsfonts/umsa.fd
File: umsa.fd 2013/01/14 v3.01 AMS symbols A
)
(/usr/local/texlive/2018/texmf-dist/tex/latex/amsfonts/amsfonts.sty
Package: amsfonts 2013/01/14 v3.01 Basic AMSFonts support
\symAMSa=\mathgroup4
\symAMSb=\mathgroup5
LaTeX Font Info:    Overwriting math alphabet `\mathfrak' in version `bold'
(Font)                  U/euf/m/n --> U/euf/b/n on input line 106.
)
\copyins=\insert199
\abstractbox=\box28
\listisep=\skip45
\c@part=\count92
\c@section=\count93
\c@subsection=\count94
\c@subsubsection=\count95
\c@paragraph=\count96
\c@subparagraph=\count97
\c@figure=\count98
\c@table=\count99
\abovecaptionskip=\skip46
\belowcaptionskip=\skip47
\captionindent=\dimen113
\thm@style=\toks19
\thm@bodyfont=\toks20
\thm@headfont=\toks21
\thm@notefont=\toks22
\thm@headpunct=\toks23
\thm@preskip=\skip48
\thm@postskip=\skip49
\thm@headsep=\skip50
\dth@everypar=\toks24
)
(/usr/local/texlive/2018/texmf-dist/tex/generic/babel/babel.sty
Package: babel 2018/02/14 3.18 The Babel package

(/usr/local/texlive/2018/texmf-dist/tex/generic/babel/switch.def
File: switch.def 2018/02/14 3.18 Babel switching mechanism
)
(/usr/local/texlive/2018/texmf-dist/tex/generic/babel-slovenian/slovene.ldf
Language: slovene 2005/03/31 v1.2m Slovene support from the babel system

(/usr/local/texlive/2018/texmf-dist/tex/generic/babel/babel.def
File: babel.def 2018/02/14 3.18 Babel common definitions
\babel@savecnt=\count100
\U@D=\dimen114

(/usr/local/texlive/2018/texmf-dist/tex/generic/babel/txtbabel.def)
\bbl@dirlevel=\count101
)
Package babel Info: Making " an active character on input line 79.
))
(/usr/local/texlive/2018/texmf-dist/tex/latex/base/fontenc.sty
Package: fontenc 2017/04/05 v2.0i Standard LaTeX package

(/usr/local/texlive/2018/texmf-dist/tex/latex/base/t1enc.def
File: t1enc.def 2017/04/05 v2.0i Standard LaTeX file
LaTeX Font Info:    Redeclaring font encoding T1 on input line 48.
))
(/usr/local/texlive/2018/texmf-dist/tex/latex/base/inputenc.sty
Package: inputenc 2018/04/06 v1.3b Input encoding file
\inpenc@prehook=\toks25
\inpenc@posthook=\toks26
)
(/usr/local/texlive/2018/texmf-dist/tex/latex/amsfonts/amssymb.sty
Package: amssymb 2013/01/14 v3.01 AMS font symbols
)
(/usr/local/texlive/2018/texmf-dist/tex/latex/url/url.sty
\Urlmuskip=\muskip11
Package: url 2013/09/16  ver 3.4  Verb mode for urls, etc.
)
(/usr/local/texlive/2018/texmf-dist/tex/latex/graphics/graphicx.sty
Package: graphicx 2017/06/01 v1.1a Enhanced LaTeX Graphics (DPC,SPQR)

(/usr/local/texlive/2018/texmf-dist/tex/latex/graphics/keyval.sty
Package: keyval 2014/10/28 v1.15 key=value parser (DPC)
\KV@toks@=\toks27
)
(/usr/local/texlive/2018/texmf-dist/tex/latex/graphics/graphics.sty
Package: graphics 2017/06/25 v1.2c Standard LaTeX Graphics (DPC,SPQR)

(/usr/local/texlive/2018/texmf-dist/tex/latex/graphics/trig.sty
Package: trig 2016/01/03 v1.10 sin cos tan (DPC)
)
(/usr/local/texlive/2018/texmf-dist/tex/latex/graphics-cfg/graphics.cfg
File: graphics.cfg 2016/06/04 v1.11 sample graphics configuration
)
Package graphics Info: Driver file: pdftex.def on input line 99.

(/usr/local/texlive/2018/texmf-dist/tex/latex/graphics-def/pdftex.def
File: pdftex.def 2018/01/08 v1.0l Graphics/color driver for pdftex
))
\Gin@req@height=\dimen115
\Gin@req@width=\dimen116
)
(/usr/local/texlive/2018/texmf-dist/tex/latex/caption/subcaption.sty
Package: subcaption 2016/05/22 v1.1-161 Sub-captions (AR)

(/usr/local/texlive/2018/texmf-dist/tex/latex/caption/caption.sty
Package: caption 2016/02/21 v3.3-144 Customizing captions (AR)

(/usr/local/texlive/2018/texmf-dist/tex/latex/caption/caption3.sty
Package: caption3 2016/05/22 v1.7-166 caption3 kernel (AR)
Package caption3 Info: TeX engine: e-TeX on input line 67.
\captionmargin=\dimen117
\captionmargin@=\dimen118
\captionwidth=\dimen119
\caption@tempdima=\dimen120
\caption@indent=\dimen121
\caption@parindent=\dimen122
\caption@hangindent=\dimen123
)
Package caption Info: AMS or SMF document class.
\c@ContinuedFloat=\count102
)
\c@subfigure=\count103
\c@subtable=\count104
)
(/usr/local/texlive/2018/texmf-dist/tex/latex/graphics/color.sty
Package: color 2016/07/10 v1.1e Standard LaTeX Color (DPC)

(/usr/local/texlive/2018/texmf-dist/tex/latex/graphics-cfg/color.cfg
File: color.cfg 2016/01/02 v1.6 sample color configuration
)
Package color Info: Driver file: pdftex.def on input line 147.

(/usr/local/texlive/2018/texmf-dist/tex/latex/graphics/dvipsnam.def
File: dvipsnam.def 2016/06/17 v3.0m Driver-dependent file (DPC,SPQR)
))
(/usr/local/texlive/2018/texmf-dist/tex/latex/hyperref/hyperref.sty
Package: hyperref 2018/02/06 v6.86b Hypertext links for LaTeX

(/usr/local/texlive/2018/texmf-dist/tex/generic/oberdiek/hobsub-hyperref.sty
Package: hobsub-hyperref 2016/05/16 v1.14 Bundle oberdiek, subset hyperref (HO)


(/usr/local/texlive/2018/texmf-dist/tex/generic/oberdiek/hobsub-generic.sty
Package: hobsub-generic 2016/05/16 v1.14 Bundle oberdiek, subset generic (HO)
Package: hobsub 2016/05/16 v1.14 Construct package bundles (HO)
Package: infwarerr 2016/05/16 v1.4 Providing info/warning/error messages (HO)
Package: ltxcmds 2016/05/16 v1.23 LaTeX kernel commands for general use (HO)
Package: ifluatex 2016/05/16 v1.4 Provides the ifluatex switch (HO)
Package ifluatex Info: LuaTeX not detected.
Package: ifvtex 2016/05/16 v1.6 Detect VTeX and its facilities (HO)
Package ifvtex Info: VTeX not detected.
Package: intcalc 2016/05/16 v1.2 Expandable calculations with integers (HO)
Package: ifpdf 2017/03/15 v3.2 Provides the ifpdf switch
Package: etexcmds 2016/05/16 v1.6 Avoid name clashes with e-TeX commands (HO)
Package etexcmds Info: Could not find \expanded.
(etexcmds)             That can mean that you are not using pdfTeX 1.50 or
(etexcmds)             that some package has redefined \expanded.
(etexcmds)             In the latter case, load this package earlier.
Package: kvsetkeys 2016/05/16 v1.17 Key value parser (HO)
Package: kvdefinekeys 2016/05/16 v1.4 Define keys (HO)
Package: pdftexcmds 2018/01/30 v0.27 Utility functions of pdfTeX for LuaTeX (HO
)
Package pdftexcmds Info: LuaTeX not detected.
Package pdftexcmds Info: \pdf@primitive is available.
Package pdftexcmds Info: \pdf@ifprimitive is available.
Package pdftexcmds Info: \pdfdraftmode found.
Package: pdfescape 2016/05/16 v1.14 Implements pdfTeX's escape features (HO)
Package: bigintcalc 2016/05/16 v1.4 Expandable calculations on big integers (HO
)
Package: bitset 2016/05/16 v1.2 Handle bit-vector datatype (HO)
Package: uniquecounter 2016/05/16 v1.3 Provide unlimited unique counter (HO)
)
Package hobsub Info: Skipping package `hobsub' (already loaded).
Package: letltxmacro 2016/05/16 v1.5 Let assignment for LaTeX macros (HO)
Package: hopatch 2016/05/16 v1.3 Wrapper for package hooks (HO)
Package: xcolor-patch 2016/05/16 xcolor patch
Package: atveryend 2016/05/16 v1.9 Hooks at the very end of document (HO)
Package atveryend Info: \enddocument detected (standard20110627).
Package: atbegshi 2016/06/09 v1.18 At begin shipout hook (HO)
Package: refcount 2016/05/16 v3.5 Data extraction from label references (HO)
Package: hycolor 2016/05/16 v1.8 Color options for hyperref/bookmark (HO)
)
(/usr/local/texlive/2018/texmf-dist/tex/generic/ifxetex/ifxetex.sty
Package: ifxetex 2010/09/12 v0.6 Provides ifxetex conditional
)
(/usr/local/texlive/2018/texmf-dist/tex/latex/oberdiek/auxhook.sty
Package: auxhook 2016/05/16 v1.4 Hooks for auxiliary files (HO)
)
(/usr/local/texlive/2018/texmf-dist/tex/latex/oberdiek/kvoptions.sty
Package: kvoptions 2016/05/16 v3.12 Key value format for package options (HO)
)
\@linkdim=\dimen124
\Hy@linkcounter=\count105
\Hy@pagecounter=\count106

(/usr/local/texlive/2018/texmf-dist/tex/latex/hyperref/pd1enc.def
File: pd1enc.def 2018/02/06 v6.86b Hyperref: PDFDocEncoding definition (HO)
Now handling font encoding PD1 ...
... no UTF-8 mapping file for font encoding PD1
)
\Hy@SavedSpaceFactor=\count107

(/usr/local/texlive/2018/texmf-dist/tex/latex/latexconfig/hyperref.cfg
File: hyperref.cfg 2002/06/06 v1.2 hyperref configuration of TeXLive
)
Package hyperref Info: Hyper figures OFF on input line 4509.
Package hyperref Info: Link nesting OFF on input line 4514.
Package hyperref Info: Hyper index ON on input line 4517.
Package hyperref Info: Plain pages OFF on input line 4524.
Package hyperref Info: Backreferencing OFF on input line 4529.
Package hyperref Info: Implicit mode ON; LaTeX internals redefined.
Package hyperref Info: Bookmarks ON on input line 4762.
\c@Hy@tempcnt=\count108
LaTeX Info: Redefining \url on input line 5115.
\XeTeXLinkMargin=\dimen125
\Fld@menulength=\count109
\Field@Width=\dimen126
\Fld@charsize=\dimen127
Package hyperref Info: Hyper figures OFF on input line 6369.
Package hyperref Info: Link nesting OFF on input line 6374.
Package hyperref Info: Hyper index ON on input line 6377.
Package hyperref Info: backreferencing OFF on input line 6384.
Package hyperref Info: Link coloring OFF on input line 6389.
Package hyperref Info: Link coloring with OCG OFF on input line 6394.
Package hyperref Info: PDF/A mode OFF on input line 6399.
LaTeX Info: Redefining \ref on input line 6439.
LaTeX Info: Redefining \pageref on input line 6443.
\Hy@abspage=\count110
\c@Item=\count111
\c@Hfootnote=\count112
)
Package hyperref Info: Driver (autodetected): hpdftex.

(/usr/local/texlive/2018/texmf-dist/tex/latex/hyperref/hpdftex.def
File: hpdftex.def 2018/02/06 v6.86b Hyperref driver for pdfTeX
\Fld@listcount=\count113
\c@bookmark@seq@number=\count114

(/usr/local/texlive/2018/texmf-dist/tex/latex/oberdiek/rerunfilecheck.sty
Package: rerunfilecheck 2016/05/16 v1.8 Rerun checks for auxiliary files (HO)
Package uniquecounter Info: New unique counter `rerunfilecheck' on input line 2
82.
)
\Hy@SectionHShift=\skip51
)
Package hyperref Info: Option `colorlinks' set `true' on input line 19.
\c@definicija=\count115
\odstavek=\skip52

(./FP_porocilo.aux

LaTeX Warning: Label `teorija' multiply defined.

)
\openout1 = `FP_porocilo.aux'.

LaTeX Font Info:    Checking defaults for OML/cmm/m/it on input line 71.
LaTeX Font Info:    ... okay on input line 71.
LaTeX Font Info:    Checking defaults for T1/cmr/m/n on input line 71.
LaTeX Font Info:    ... okay on input line 71.
LaTeX Font Info:    Checking defaults for OT1/cmr/m/n on input line 71.
LaTeX Font Info:    ... okay on input line 71.
LaTeX Font Info:    Checking defaults for OMS/cmsy/m/n on input line 71.
LaTeX Font Info:    ... okay on input line 71.
LaTeX Font Info:    Checking defaults for OMX/cmex/m/n on input line 71.
LaTeX Font Info:    ... okay on input line 71.
LaTeX Font Info:    Checking defaults for U/cmr/m/n on input line 71.
LaTeX Font Info:    ... okay on input line 71.
LaTeX Font Info:    Checking defaults for PD1/pdf/m/n on input line 71.
LaTeX Font Info:    ... okay on input line 71.
LaTeX Font Info:    Try loading font information for U+msa on input line 71.
 (/usr/local/texlive/2018/texmf-dist/tex/latex/amsfonts/umsa.fd
File: umsa.fd 2013/01/14 v3.01 AMS symbols A
)
LaTeX Font Info:    Try loading font information for U+msb on input line 71.

(/usr/local/texlive/2018/texmf-dist/tex/latex/amsfonts/umsb.fd
File: umsb.fd 2013/01/14 v3.01 AMS symbols B
)
(/usr/local/texlive/2018/texmf-dist/tex/context/base/mkii/supp-pdf.mkii
[Loading MPS to PDF converter (version 2006.09.02).]
\scratchcounter=\count116
\scratchdimen=\dimen128
\scratchbox=\box29
\nofMPsegments=\count117
\nofMParguments=\count118
\everyMPshowfont=\toks28
\MPscratchCnt=\count119
\MPscratchDim=\dimen129
\MPnumerator=\count120
\makeMPintoPDFobject=\count121
\everyMPtoPDFconversion=\toks29
) (/usr/local/texlive/2018/texmf-dist/tex/latex/oberdiek/epstopdf-base.sty
Package: epstopdf-base 2016/05/15 v2.6 Base part for package epstopdf

(/usr/local/texlive/2018/texmf-dist/tex/latex/oberdiek/grfext.sty
Package: grfext 2016/05/16 v1.2 Manage graphics extensions (HO)
)
Package epstopdf-base Info: Redefining graphics rule for `.eps' on input line 4
38.
Package grfext Info: Graphics extension search list:
(grfext)             [.pdf,.png,.jpg,.mps,.jpeg,.jbig2,.jb2,.PDF,.PNG,.JPG,.JPE
G,.JBIG2,.JB2,.eps]
(grfext)             \AppendGraphicsExtensions on input line 456.

(/usr/local/texlive/2018/texmf-dist/tex/latex/latexconfig/epstopdf-sys.cfg
File: epstopdf-sys.cfg 2010/07/13 v1.3 Configuration of (r)epstopdf for TeX Liv
e
))
Package caption Info: Begin \AtBeginDocument code.
Package caption Info: hyperref package is loaded.
Package caption Info: End \AtBeginDocument code.
\AtBeginShipoutBox=\box30
Package hyperref Info: Link coloring ON on input line 71.

(/usr/local/texlive/2018/texmf-dist/tex/latex/hyperref/nameref.sty
Package: nameref 2016/05/21 v2.44 Cross-referencing by name of section

(/usr/local/texlive/2018/texmf-dist/tex/generic/oberdiek/gettitlestring.sty
Package: gettitlestring 2016/05/16 v1.5 Cleanup title references (HO)
)
\c@section@level=\count122
)
LaTeX Info: Redefining \ref on input line 71.
LaTeX Info: Redefining \pageref on input line 71.
LaTeX Info: Redefining \nameref on input line 71.

(./FP_porocilo.out) (./FP_porocilo.out)
\@outlinefile=\write3
\openout3 = `FP_porocilo.out'.

Package babel Info: Redefining slovene shorthand "|
(babel)             in language  on input line 92.
Package babel Info: Redefining slovene shorthand "|
(babel)             in language  on input line 92.
 [1{/usr/local/texlive/2018/texmf-var/fonts/map/pdftex/updmap/pdftex.map}] (./F
P_porocilo.toc)
\tf@toc=\write4
\openout4 = `FP_porocilo.toc'.


Underfull \vbox (badness 10000) has occurred while \output is active []

Package babel Info: Redefining slovene shorthand "|
(babel)             in language  on input line 97.
Package babel Info: Redefining slovene shorthand "|
(babel)             in language  on input line 97.
 [2]
Package babel Info: Redefining slovene shorthand "|
(babel)             in language  on input line 98.
Package babel Info: Redefining slovene shorthand "|
(babel)             in language  on input line 103.
Package babel Info: Redefining slovene shorthand "|
(babel)             in language  on input line 103.

[3]
Package babel Info: Redefining slovene shorthand "|
(babel)             in language  on input line 104.
Package babel Info: Redefining slovene shorthand "|
(babel)             in language  on input line 122.
Package babel Info: Redefining slovene shorthand "|
(babel)             in language  on input line 122.
 [4]
<Picture1.png, id=78, 418.2024pt x 502.5174pt>
File: Picture1.png Graphic file (type png)
<use Picture1.png>
Package pdftex.def Info: Picture1.png  used on input line 126.
(pdftex.def)             Requested size: 426.79134pt x 512.85233pt.
Package babel Info: Redefining slovene shorthand "|
(babel)             in language  on input line 129.
Package babel Info: Redefining slovene shorthand "|
(babel)             in language  on input line 129.
 [5 <./Picture1.png>]
<Picture2.png, id=86, 413.3844pt x 468.3096pt>
File: Picture2.png Graphic file (type png)
<use Picture2.png>
Package pdftex.def Info: Picture2.png  used on input line 133.
(pdftex.def)             Requested size: 426.79134pt x 483.50761pt.
Package babel Info: Redefining slovene shorthand "|
(babel)             in language  on input line 137.
Package babel Info: Redefining slovene shorthand "|
(babel)             in language  on input line 137.
 [6 <./Picture2.png>]
<Picture3.png, id=93, 411.4572pt x 161.403pt>
File: Picture3.png Graphic file (type png)
<use Picture3.png>
Package pdftex.def Info: Picture3.png  used on input line 141.
(pdftex.def)             Requested size: 426.79134pt x 167.42416pt.
<Picture4.png, id=94, 396.0396pt x 170.5572pt>
File: Picture4.png Graphic file (type png)
<use Picture4.png>
Package pdftex.def Info: Picture4.png  used on input line 146.
(pdftex.def)             Requested size: 426.79134pt x 183.80344pt.
Package babel Info: Redefining slovene shorthand "|
(babel)             in language  on input line 151.
Package babel Info: Redefining slovene shorthand "|
(babel)             in language  on input line 151.
 [7 <./Picture3.png> <./Picture4.png>]
Package babel Info: Redefining slovene shorthand "|
(babel)             in language  on input line 153.
Package babel Info: Redefining slovene shorthand "|
(babel)             in language  on input line 157.

Underfull \hbox (badness 10000) in paragraph at lines 157--161

 []

<Screen2.png, id=104, 452.4102pt x 65.043pt>
File: Screen2.png Graphic file (type png)
<use Screen2.png>
Package pdftex.def Info: Screen2.png  used on input line 167.
(pdftex.def)             Requested size: 426.79134pt x 61.35976pt.
<Screen3.png, id=105, 903.375pt x 189.70876pt>
File: Screen3.png Graphic file (type png)
<use Screen3.png>
Package pdftex.def Info: Screen3.png  used on input line 178.
(pdftex.def)             Requested size: 426.79134pt x 89.62627pt.
Package babel Info: Redefining slovene shorthand "|
(babel)             in language  on input line 181.
Package babel Info: Redefining slovene shorthand "|
(babel)             in language  on input line 181.
[8 <./Screen2.png> <./Screen3.png>]
Package babel Info: Redefining slovene shorthand "|
(babel)             in language  on input line 184.

Underfull \hbox (badness 10000) in paragraph at lines 184--188

 []

<Screen1.png, id=115, 452.4102pt x 104.0688pt>
File: Screen1.png Graphic file (type png)
<use Screen1.png>
Package pdftex.def Info: Screen1.png  used on input line 199.
(pdftex.def)             Requested size: 426.79134pt x 98.17561pt.
Package babel Info: Redefining slovene shorthand "|
(babel)             in language  on input line 206.

Underfull \hbox (badness 10000) in paragraph at lines 206--210

 []

<Screen4.png, id=116, 452.4102pt x 116.1138pt>
File: Screen4.png Graphic file (type png)
<use Screen4.png>
Package pdftex.def Info: Screen4.png  used on input line 222.
(pdftex.def)             Requested size: 426.79134pt x 109.53853pt.
Package babel Info: Redefining slovene shorthand "|
(babel)             in language  on input line 225.
Package babel Info: Redefining slovene shorthand "|
(babel)             in language  on input line 225.
[9 <./Screen1.png> <./Screen4.png>]
Package babel Info: Redefining slovene shorthand "|
(babel)             in language  on input line 228.

Underfull \hbox (badness 10000) in paragraph at lines 228--232

 []

<Screen5.png, id=125, 452.4102pt x 139.2402pt>
File: Screen5.png Graphic file (type png)
<use Screen5.png>
Package pdftex.def Info: Screen5.png  used on input line 244.
(pdftex.def)             Requested size: 426.79134pt x 131.35533pt.
Package babel Info: Redefining slovene shorthand "|
(babel)             in language  on input line 248.
Package babel Info: Redefining slovene shorthand "|
(babel)             in language  on input line 248.
[10 <./Screen5.png>]
Package babel Info: Redefining slovene shorthand "|
(babel)             in language  on input line 251.

Underfull \hbox (badness 10000) in paragraph at lines 251--255

 []

<Screen6.png, id=132, 452.4102pt x 112.2594pt>
File: Screen6.png Graphic file (type png)
<use Screen6.png>
Package pdftex.def Info: Screen6.png  used on input line 267.
(pdftex.def)             Requested size: 426.79134pt x 105.90239pt.
Package babel Info: Redefining slovene shorthand "|
(babel)             in language  on input line 273.
Package babel Info: Redefining slovene shorthand "|
(babel)             in language  on input line 273.
[11 <./Screen6.png>]
Package babel Info: Redefining slovene shorthand "|
(babel)             in language  on input line 277.


Package hyperref Warning: Composite letter `\textasciicaron+c'
(hyperref)                not defined in PD1 encoding,
(hyperref)                removing `\textasciicaron' on input line 277.

<Screen7.png, id=139, 350.2686pt x 124.3044pt>
File: Screen7.png Graphic file (type png)
<use Screen7.png>
Package pdftex.def Info: Screen7.png  used on input line 299.
(pdftex.def)             Requested size: 256.0774pt x 90.88179pt.
<Screen8.png, id=140, 403.2666pt x 99.2508pt>
File: Screen8.png Graphic file (type png)
<use Screen8.png>
Package pdftex.def Info: Screen8.png  used on input line 305.
(pdftex.def)             Requested size: 298.75262pt x 73.53075pt.
Package babel Info: Redefining slovene shorthand "|
(babel)             in language  on input line 310.
Package babel Info: Redefining slovene shorthand "|
(babel)             in language  on input line 310.
[12 <./Screen7.png> <./Screen8.png>]
<Screen9.png, id=150, 1260.71pt x 395.4775pt>
File: Screen9.png Graphic file (type png)
<use Screen9.png>
Package pdftex.def Info: Screen9.png  used on input line 315.
(pdftex.def)             Requested size: 426.79134pt x 133.88126pt.
Package babel Info: Redefining slovene shorthand "|
(babel)             in language  on input line 336.
Package babel Info: Redefining slovene shorthand "|
(babel)             in language  on input line 336.
 [13 <./Screen9.png>]
Package babel Info: Redefining slovene shorthand "|
(babel)             in language  on input line 337.
LaTeX Font Info:    Try loading font information for T1+cmtt on input line 345.


(/usr/local/texlive/2018/texmf-dist/tex/latex/base/t1cmtt.fd
File: t1cmtt.fd 2014/09/29 v2.5h Standard LaTeX font definitions
)
Underfull \hbox (badness 3179) in paragraph at lines 345--346
\T1/cmr/m/n/10 pno na [][]$\T1/cmtt/m/n/10 https : / / www . researchgate . net
 / publication / 308929074 _ Algoritmi _ za _ problem _
 []


Underfull \hbox (badness 10000) in paragraph at lines 345--346
\T1/cmtt/m/n/10 najmanjsega _ vozliscnega _ pokritja ? fbclid = IwAR0n6CzQluY3Z
FM6g2-[]yQ _ fPLnUiT8zrb78S _
 []

Package atveryend Info: Empty hook `BeforeClearDocument' on input line 352.
Package babel Info: Redefining slovene shorthand "|
(babel)             in language  on input line 352.
Package babel Info: Redefining slovene shorthand "|
(babel)             in language  on input line 352.
[14pdfTeX warning (ext4): destination with the same identifier (name{cite.teori
ja}) has been already used, duplicate ignored

\AtBegShi@Output ...ipout \box \AtBeginShipoutBox 
                                                  \fi \fi 
l.352 \end{document}
                    ]
Package atveryend Info: Empty hook `AfterLastShipout' on input line 352.
 (./FP_porocilo.aux)
Package atveryend Info: Executing hook `AtVeryEndDocument' on input line 352.
Package atveryend Info: Executing hook `AtEndAfterFileList' on input line 352.
Package rerunfilecheck Info: File `FP_porocilo.out' has not changed.
(rerunfilecheck)             Checksum: DD4505F27F4C11E873CD6B5A64631DAA;672.


LaTeX Warning: There were multiply-defined labels.

Package atveryend Info: Empty hook `AtVeryVeryEnd' on input line 352.
 ) 
Here is how much of TeX's memory you used:
 8457 strings out of 492649
 122785 string characters out of 6129622
 221262 words of memory out of 5000000
 12027 multiletter control sequences out of 15000+600000
 16953 words of font info for 50 fonts, out of 8000000 for 9000
 1302 hyphenation exceptions out of 8191
 42i,6n,40p,679b,355s stack positions out of 5000i,500n,10000p,200000b,80000s
{/usr/local/texlive/2018/texmf-dist/fonts/enc/dvips/cm-super/cm-super-t1.enc}
</usr/local/texlive/2018/texmf-dist/fonts/type1/public/amsfonts/cm/cmsy10.pfb><
/usr/local/texlive/2018/texmf-dist/fonts/type1/public/cm-super/sfbx1200.pfb></u
sr/local/texlive/2018/texmf-dist/fonts/type1/public/cm-super/sfbx1440.pfb></usr
/local/texlive/2018/texmf-dist/fonts/type1/public/cm-super/sfcc1200.pfb></usr/l
ocal/texlive/2018/texmf-dist/fonts/type1/public/cm-super/sfrm0900.pfb></usr/loc
al/texlive/2018/texmf-dist/fonts/type1/public/cm-super/sfrm1000.pfb></usr/local
/texlive/2018/texmf-dist/fonts/type1/public/cm-super/sfrm1200.pfb></usr/local/t
exlive/2018/texmf-dist/fonts/type1/public/cm-super/sfrm1440.pfb></usr/local/tex
live/2018/texmf-dist/fonts/type1/public/cm-super/sfti1000.pfb></usr/local/texli
ve/2018/texmf-dist/fonts/type1/public/cm-super/sfti1200.pfb></usr/local/texlive
/2018/texmf-dist/fonts/type1/public/cm-super/sftt1000.pfb>
Output written on FP_porocilo.pdf (14 pages, 1543127 bytes).
PDF statistics:
 219 PDF objects out of 1000 (max. 8388607)
 164 compressed objects within 2 object streams
 40 named destinations out of 1000 (max. 500000)
 146 words of extra memory for PDF output out of 10000 (max. 10000000)

